
> petty-cash-mobile@1.0.0 start
> node ./scripts/run-expo.js start --port 8082

env: load .env
env: export EXPO_PUBLIC_SUPABASE_URL EXPO_PUBLIC_SUPABASE_PUBLISHABLE_KEY
Starting project at D:\New folder\PETTY CASH
Starting Metro Bundler
Skipping dependency validation in offline mode
Waiting on http://localhost:8082
Logs for your project will appear below.
Failed to construct transformer:  Error: spawn EPERM
    at ChildProcess.spawn (node:internal/child_process:441:11)
    at spawn (node:child_process:796:9)
    at fork (node:child_process:174:10)
    at ChildProcessWorker.initialize (D:\New folder\PETTY CASH\node_modules\jest-worker\build\workers\ChildProcessWorker.js:144:45)
    at new ChildProcessWorker (D:\New folder\PETTY CASH\node_modules\jest-worker\build\workers\ChildProcessWorker.js:100:10)
    at WorkerPool.createWorker (D:\New folder\PETTY CASH\node_modules\jest-worker\build\WorkerPool.js:30:12)
    at new BaseWorkerPool (D:\New folder\PETTY CASH\node_modules\jest-worker\build\base\BaseWorkerPool.js:55:27)
    at new WorkerPool (D:\New folder\PETTY CASH\node_modules\jest-worker\build\WorkerPool.js:18:1)
    at new Worker (D:\New folder\PETTY CASH\node_modules\jest-worker\build\index.js:141:26)
    at WorkerFarm._makeFarm (D:\New folder\PETTY CASH\node_modules\metro\src\DeltaBundler\WorkerFarm.js:66:12) {
  errno: -4048,
  code: 'EPERM',
  syscall: 'spawn'
}
